2026-02-16 06:05:10,316 15308 INFO ? odoo: Odoo version 17.0 
2026-02-16 06:05:10,316 15308 INFO ? odoo: Using configuration file at C:\Users\RATSILA\OneDrive\Desktop\ERP\odoo17\odoo.conf 
2026-02-16 06:05:10,316 15308 INFO ? odoo: addons paths: ['C:\\Users\\RATSILA\\OneDrive\\Desktop\\ERP\\odoo17\\odoo\\addons', 'c:\\users\\ratsila\\appdata\\local\\openerp s.a\\odoo\\addons\\17.0', 'c:\\users\\ratsila\\onedrive\\desktop\\erp\\odoo17\\addons', 'c:\\users\\ratsila\\onedrive\\desktop\\erp\\odoo17\\odoo\\addons'] 
2026-02-16 06:05:10,316 15308 INFO ? odoo: database: erp@localhost:5432 
2026-02-16 06:05:10,998 15308 INFO ? odoo.addons.base.models.ir_actions_report: Will use the Wkhtmltopdf binary at C:\Program Files\wkhtmltopdf\bin\wkhtmltopdf.exe 
2026-02-16 06:05:18,134 15308 INFO ? odoo.service.server: HTTP service (werkzeug) running on Kevin:8069 
2026-02-16 06:06:45,531 15308 INFO ? werkzeug: 127.0.0.1 - - [16/Feb/2026 06:06:45] "GET / HTTP/1.1" 303 - 1 0.010 0.208
2026-02-16 06:06:45,778 15308 INFO ? werkzeug: 127.0.0.1 - - [16/Feb/2026 06:06:45] "GET /web HTTP/1.1" 303 - 2 0.016 0.199
2026-02-16 06:06:54,830 15308 INFO ? werkzeug: 127.0.0.1 - - [16/Feb/2026 06:06:54] "GET /web/database/selector HTTP/1.1" 200 - 2 0.000 9.041
2026-02-16 06:06:55,653 15308 INFO ? werkzeug: 127.0.0.1 - - [16/Feb/2026 06:06:55] "GET /web/static/src/libs/fontawesome/css/font-awesome.css HTTP/1.1" 200 - 1 0.011 0.442
2026-02-16 06:06:55,668 15308 INFO ? werkzeug: 127.0.0.1 - - [16/Feb/2026 06:06:55] "GET /web/static/lib/bootstrap/dist/css/bootstrap.css HTTP/1.1" 200 - 1 0.028 0.440
2026-02-16 06:06:55,726 15308 INFO ? werkzeug: 127.0.0.1 - - [16/Feb/2026 06:06:55] "GET /web/static/lib/bootstrap/js/dist/dom/data.js HTTP/1.1" 200 - 1 0.032 0.494
2026-02-16 06:06:55,939 15308 INFO ? werkzeug: 127.0.0.1 - - [16/Feb/2026 06:06:55] "GET /web/static/lib/bootstrap/js/dist/dom/event-handler.js HTTP/1.1" 200 - 1 0.014 0.254
2026-02-16 06:06:56,282 15308 INFO ? werkzeug: 127.0.0.1 - - [16/Feb/2026 06:06:56] "GET /web/static/lib/bootstrap/js/dist/dom/manipulator.js HTTP/1.1" 200 - 1 0.019 0.262
2026-02-16 06:06:56,294 15308 INFO ? werkzeug: 127.0.0.1 - - [16/Feb/2026 06:06:56] "GET /web/static/lib/bootstrap/js/dist/dom/selector-engine.js HTTP/1.1" 200 - 1 0.008 0.229
2026-02-16 06:06:56,354 15308 INFO ? werkzeug: 127.0.0.1 - - [16/Feb/2026 06:06:56] "GET /web/static/lib/bootstrap/js/dist/base-component.js HTTP/1.1" 200 - 1 0.010 0.089
2026-02-16 06:06:57,282 15308 INFO ? werkzeug: 127.0.0.1 - - [16/Feb/2026 06:06:57] "GET /web/static/img/logo2.png HTTP/1.1" 200 - 1 0.020 0.650
2026-02-16 06:06:57,320 15308 INFO ? werkzeug: 127.0.0.1 - - [16/Feb/2026 06:06:57] "GET /web/static/src/public/database_manager.js HTTP/1.1" 200 - 1 0.018 0.691
2026-02-16 06:06:57,460 15308 INFO ? werkzeug: 127.0.0.1 - - [16/Feb/2026 06:06:57] "GET /web/static/lib/bootstrap/js/dist/modal.js HTTP/1.1" 200 - 1 0.023 0.834
2026-02-16 06:06:58,518 15308 INFO ? werkzeug: 127.0.0.1 - - [16/Feb/2026 06:06:58] "GET /web/static/src/libs/fontawesome/fonts/fontawesome-webfont.woff2?v=4.7.0 HTTP/1.1" 200 - 1 0.012 0.191
2026-02-16 06:06:58,770 15308 INFO ? werkzeug: 127.0.0.1 - - [16/Feb/2026 06:06:58] "GET /web/static/img/favicon.ico HTTP/1.1" 200 - 1 0.016 0.164
2026-02-16 06:09:04,474 15308 ERROR ? odoo.modules.loading: Database erp not initialized, you can force it with `-i base` 
2026-02-16 06:09:04,477 15308 INFO ? odoo.modules.registry: Registry loaded in 0.353s 
2026-02-16 06:09:04,485 15308 ERROR erp odoo.http: Exception during request handling. 
Traceback (most recent call last):
  File "C:\Users\RATSILA\OneDrive\Desktop\ERP\odoo17\odoo\http.py", line 1984, in _serve_db
    return service_model.retrying(self._serve_ir_http, self.env)
           ^^^^^^^^^^^^^^^^^^^^^^^^^^^^^^^^^^^^^^^^^^^^^^^^^^^^^
  File "C:\Users\RATSILA\OneDrive\Desktop\ERP\odoo17\odoo\service\model.py", line 153, in retrying
    result = func()
             ^^^^^^
  File "C:\Users\RATSILA\OneDrive\Desktop\ERP\odoo17\odoo\http.py", line 1997, in _serve_ir_http
    ir_http = self.registry['ir.http']
              ~~~~~~~~~~~~~^^^^^^^^^^^
  File "C:\Users\RATSILA\OneDrive\Desktop\ERP\odoo17\odoo\modules\registry.py", line 209, in __getitem__
    return self.models[model_name]
           ~~~~~~~~~~~^^^^^^^^^^^^
KeyError: 'ir.http'

During handling of the above exception, another exception occurred:

Traceback (most recent call last):
  File "C:\Users\RATSILA\OneDrive\Desktop\ERP\odoo17\odoo\http.py", line 2409, in __call__
    response = request._serve_db()
               ^^^^^^^^^^^^^^^^^^^
  File "C:\Users\RATSILA\OneDrive\Desktop\ERP\odoo17\odoo\http.py", line 1989, in _serve_db
    exc.error_response = self.registry['ir.http']._handle_error(exc)
                         ~~~~~~~~~~~~~^^^^^^^^^^^
  File "C:\Users\RATSILA\OneDrive\Desktop\ERP\odoo17\odoo\modules\registry.py", line 209, in __getitem__
    return self.models[model_name]
           ~~~~~~~~~~~^^^^^^^^^^^^
KeyError: 'ir.http'
2026-02-16 06:09:04,501 15308 INFO erp werkzeug: 127.0.0.1 - - [16/Feb/2026 06:09:04] "POST /web/database/create HTTP/1.1" 500 - 18 0.235 0.306
2026-02-16 06:09:04,856 15308 ERROR erp odoo.http: Exception during request handling. 
Traceback (most recent call last):
  File "C:\Users\RATSILA\OneDrive\Desktop\ERP\odoo17\odoo\http.py", line 1984, in _serve_db
    return service_model.retrying(self._serve_ir_http, self.env)
           ^^^^^^^^^^^^^^^^^^^^^^^^^^^^^^^^^^^^^^^^^^^^^^^^^^^^^
  File "C:\Users\RATSILA\OneDrive\Desktop\ERP\odoo17\odoo\service\model.py", line 153, in retrying
    result = func()
             ^^^^^^
  File "C:\Users\RATSILA\OneDrive\Desktop\ERP\odoo17\odoo\http.py", line 1997, in _serve_ir_http
    ir_http = self.registry['ir.http']
              ~~~~~~~~~~~~~^^^^^^^^^^^
  File "C:\Users\RATSILA\OneDrive\Desktop\ERP\odoo17\odoo\modules\registry.py", line 209, in __getitem__
    return self.models[model_name]
           ~~~~~~~~~~~^^^^^^^^^^^^
KeyError: 'ir.http'

During handling of the above exception, another exception occurred:

Traceback (most recent call last):
  File "C:\Users\RATSILA\OneDrive\Desktop\ERP\odoo17\odoo\http.py", line 2409, in __call__
    response = request._serve_db()
               ^^^^^^^^^^^^^^^^^^^
  File "C:\Users\RATSILA\OneDrive\Desktop\ERP\odoo17\odoo\http.py", line 1989, in _serve_db
    exc.error_response = self.registry['ir.http']._handle_error(exc)
                         ~~~~~~~~~~~~~^^^^^^^^^^^
  File "C:\Users\RATSILA\OneDrive\Desktop\ERP\odoo17\odoo\modules\registry.py", line 209, in __getitem__
    return self.models[model_name]
           ~~~~~~~~~~~^^^^^^^^^^^^
KeyError: 'ir.http'
2026-02-16 06:09:04,856 15308 INFO erp werkzeug: 127.0.0.1 - - [16/Feb/2026 06:09:04] "GET /favicon.ico HTTP/1.1" 500 - 2 0.018 0.112
2026-02-16 06:09:13,370 15308 ERROR erp odoo.sql_db: bad query: 
            SELECT latest_version
            FROM ir_module_module
             WHERE name='base'
        
ERROR: ERREUR:  la relation « ir_module_module » n'existe pas
LINE 3:             FROM ir_module_module
                         ^
 
2026-02-16 06:09:13,370 15308 WARNING erp odoo.addons.base.models.ir_cron: Tried to poll an undefined table on database erp. 
2026-02-16 06:09:17,450 15308 ERROR erp odoo.sql_db: bad query: 
            SELECT latest_version
            FROM ir_module_module
             WHERE name='base'
        
ERROR: ERREUR:  la relation « ir_module_module » n'existe pas
LINE 3:             FROM ir_module_module
                         ^
 
2026-02-16 06:09:17,450 15308 WARNING erp odoo.addons.base.models.ir_cron: Tried to poll an undefined table on database erp. 
2026-02-16 06:09:23,416 15308 INFO ? odoo.service.server: Initiating shutdown 
2026-02-16 06:09:23,416 15308 INFO ? odoo.service.server: Hit CTRL-C again or send a second signal to force the shutdown. 
2026-02-16 06:09:24,560 15308 INFO ? odoo.sql_db: ConnectionPool(used=0/count=0/max=64): Closed 3 connections  
2026-02-16 06:18:50,769 15420 INFO ? odoo: Odoo version 17.0 
2026-02-16 06:18:50,769 15420 INFO ? odoo: Using configuration file at C:\Users\RATSILA\OneDrive\Desktop\ERP\odoo17\odoo.conf 
2026-02-16 06:18:50,769 15420 INFO ? odoo: addons paths: ['C:\\Users\\RATSILA\\OneDrive\\Desktop\\ERP\\odoo17\\odoo\\addons', 'c:\\users\\ratsila\\appdata\\local\\openerp s.a\\odoo\\addons\\17.0', 'c:\\users\\ratsila\\onedrive\\desktop\\erp\\odoo17\\addons', 'c:\\users\\ratsila\\onedrive\\desktop\\erp\\odoo17\\odoo\\addons'] 
2026-02-16 06:18:50,769 15420 INFO ? odoo: database: erp@localhost:5432 
2026-02-16 06:18:50,961 15420 INFO ? odoo.addons.base.models.ir_actions_report: Will use the Wkhtmltopdf binary at C:\Program Files\wkhtmltopdf\bin\wkhtmltopdf.exe 
2026-02-16 06:18:52,653 15420 INFO ? odoo.service.server: HTTP service (werkzeug) running on Kevin:8069 
2026-02-16 06:31:31,890 15420 ERROR ? odoo.modules.loading: Database erp not initialized, you can force it with `-i base` 
2026-02-16 06:31:31,890 15420 INFO ? odoo.modules.registry: Registry loaded in 0.053s 
2026-02-16 06:31:31,890 15420 ERROR erp odoo.http: Exception during request handling. 
Traceback (most recent call last):
  File "C:\Users\RATSILA\OneDrive\Desktop\ERP\odoo17\odoo\http.py", line 1984, in _serve_db
    return service_model.retrying(self._serve_ir_http, self.env)
           ^^^^^^^^^^^^^^^^^^^^^^^^^^^^^^^^^^^^^^^^^^^^^^^^^^^^^
  File "C:\Users\RATSILA\OneDrive\Desktop\ERP\odoo17\odoo\service\model.py", line 153, in retrying
    result = func()
             ^^^^^^
  File "C:\Users\RATSILA\OneDrive\Desktop\ERP\odoo17\odoo\http.py", line 1997, in _serve_ir_http
    ir_http = self.registry['ir.http']
              ~~~~~~~~~~~~~^^^^^^^^^^^
  File "C:\Users\RATSILA\OneDrive\Desktop\ERP\odoo17\odoo\modules\registry.py", line 209, in __getitem__
    return self.models[model_name]
           ~~~~~~~~~~~^^^^^^^^^^^^
KeyError: 'ir.http'

During handling of the above exception, another exception occurred:

Traceback (most recent call last):
  File "C:\Users\RATSILA\OneDrive\Desktop\ERP\odoo17\odoo\http.py", line 2409, in __call__
    response = request._serve_db()
               ^^^^^^^^^^^^^^^^^^^
  File "C:\Users\RATSILA\OneDrive\Desktop\ERP\odoo17\odoo\http.py", line 1989, in _serve_db
    exc.error_response = self.registry['ir.http']._handle_error(exc)
                         ~~~~~~~~~~~~~^^^^^^^^^^^
  File "C:\Users\RATSILA\OneDrive\Desktop\ERP\odoo17\odoo\modules\registry.py", line 209, in __getitem__
    return self.models[model_name]
           ~~~~~~~~~~~^^^^^^^^^^^^
KeyError: 'ir.http'
2026-02-16 06:31:31,919 15420 INFO erp werkzeug: 127.0.0.1 - - [16/Feb/2026 06:31:31] "POST /web/database/create HTTP/1.1" 500 - 8 0.030 1.931
2026-02-16 06:31:32,025 15420 ERROR erp odoo.http: Exception during request handling. 
Traceback (most recent call last):
  File "C:\Users\RATSILA\OneDrive\Desktop\ERP\odoo17\odoo\http.py", line 1984, in _serve_db
    return service_model.retrying(self._serve_ir_http, self.env)
           ^^^^^^^^^^^^^^^^^^^^^^^^^^^^^^^^^^^^^^^^^^^^^^^^^^^^^
  File "C:\Users\RATSILA\OneDrive\Desktop\ERP\odoo17\odoo\service\model.py", line 153, in retrying
    result = func()
             ^^^^^^
  File "C:\Users\RATSILA\OneDrive\Desktop\ERP\odoo17\odoo\http.py", line 1997, in _serve_ir_http
    ir_http = self.registry['ir.http']
              ~~~~~~~~~~~~~^^^^^^^^^^^
  File "C:\Users\RATSILA\OneDrive\Desktop\ERP\odoo17\odoo\modules\registry.py", line 209, in __getitem__
    return self.models[model_name]
           ~~~~~~~~~~~^^^^^^^^^^^^
KeyError: 'ir.http'

During handling of the above exception, another exception occurred:

Traceback (most recent call last):
  File "C:\Users\RATSILA\OneDrive\Desktop\ERP\odoo17\odoo\http.py", line 2409, in __call__
    response = request._serve_db()
               ^^^^^^^^^^^^^^^^^^^
  File "C:\Users\RATSILA\OneDrive\Desktop\ERP\odoo17\odoo\http.py", line 1989, in _serve_db
    exc.error_response = self.registry['ir.http']._handle_error(exc)
                         ~~~~~~~~~~~~~^^^^^^^^^^^
  File "C:\Users\RATSILA\OneDrive\Desktop\ERP\odoo17\odoo\modules\registry.py", line 209, in __getitem__
    return self.models[model_name]
           ~~~~~~~~~~~^^^^^^^^^^^^
KeyError: 'ir.http'
2026-02-16 06:31:32,025 15420 INFO erp werkzeug: 127.0.0.1 - - [16/Feb/2026 06:31:32] "GET /favicon.ico HTTP/1.1" 500 - 2 0.000 0.059
2026-02-16 06:32:16,888 15420 ERROR erp odoo.sql_db: bad query: 
            SELECT latest_version
            FROM ir_module_module
             WHERE name='base'
        
ERROR: ERREUR:  la relation « ir_module_module » n'existe pas
LINE 3:             FROM ir_module_module
                         ^
 
2026-02-16 06:32:16,888 15420 WARNING erp odoo.addons.base.models.ir_cron: Tried to poll an undefined table on database erp. 
2026-02-16 06:32:30,037 15420 ERROR erp odoo.sql_db: bad query: 
            SELECT latest_version
            FROM ir_module_module
             WHERE name='base'
        
ERROR: ERREUR:  la relation « ir_module_module » n'existe pas
LINE 3:             FROM ir_module_module
                         ^
 
2026-02-16 06:32:30,037 15420 WARNING erp odoo.addons.base.models.ir_cron: Tried to poll an undefined table on database erp. 
2026-02-16 06:33:16,896 15420 ERROR erp odoo.sql_db: bad query: 
            SELECT latest_version
            FROM ir_module_module
             WHERE name='base'
        
ERROR: ERREUR:  la relation « ir_module_module » n'existe pas
LINE 3:             FROM ir_module_module
                         ^
 
2026-02-16 06:33:16,896 15420 WARNING erp odoo.addons.base.models.ir_cron: Tried to poll an undefined table on database erp. 
2026-02-16 06:33:31,060 15420 ERROR erp odoo.sql_db: bad query: 
            SELECT latest_version
            FROM ir_module_module
             WHERE name='base'
        
ERROR: ERREUR:  la relation « ir_module_module » n'existe pas
LINE 3:             FROM ir_module_module
                         ^
 
2026-02-16 06:33:31,060 15420 WARNING erp odoo.addons.base.models.ir_cron: Tried to poll an undefined table on database erp. 
2026-02-16 06:34:10,957 15420 ERROR erp odoo.http: Exception during request handling. 
Traceback (most recent call last):
  File "C:\Users\RATSILA\OneDrive\Desktop\ERP\odoo17\odoo\http.py", line 1984, in _serve_db
    return service_model.retrying(self._serve_ir_http, self.env)
           ^^^^^^^^^^^^^^^^^^^^^^^^^^^^^^^^^^^^^^^^^^^^^^^^^^^^^
  File "C:\Users\RATSILA\OneDrive\Desktop\ERP\odoo17\odoo\service\model.py", line 153, in retrying
    result = func()
             ^^^^^^
  File "C:\Users\RATSILA\OneDrive\Desktop\ERP\odoo17\odoo\http.py", line 1997, in _serve_ir_http
    ir_http = self.registry['ir.http']
              ~~~~~~~~~~~~~^^^^^^^^^^^
  File "C:\Users\RATSILA\OneDrive\Desktop\ERP\odoo17\odoo\modules\registry.py", line 209, in __getitem__
    return self.models[model_name]
           ~~~~~~~~~~~^^^^^^^^^^^^
KeyError: 'ir.http'

During handling of the above exception, another exception occurred:

Traceback (most recent call last):
  File "C:\Users\RATSILA\OneDrive\Desktop\ERP\odoo17\odoo\http.py", line 2409, in __call__
    response = request._serve_db()
               ^^^^^^^^^^^^^^^^^^^
  File "C:\Users\RATSILA\OneDrive\Desktop\ERP\odoo17\odoo\http.py", line 1989, in _serve_db
    exc.error_response = self.registry['ir.http']._handle_error(exc)
                         ~~~~~~~~~~~~~^^^^^^^^^^^
  File "C:\Users\RATSILA\OneDrive\Desktop\ERP\odoo17\odoo\modules\registry.py", line 209, in __getitem__
    return self.models[model_name]
           ~~~~~~~~~~~^^^^^^^^^^^^
KeyError: 'ir.http'
2026-02-16 06:34:10,959 15420 INFO erp werkzeug: 127.0.0.1 - - [16/Feb/2026 06:34:10] "POST /web/database/create HTTP/1.1" 500 - 2 0.005 0.150
2026-02-16 06:34:11,062 15420 ERROR erp odoo.http: Exception during request handling. 
Traceback (most recent call last):
  File "C:\Users\RATSILA\OneDrive\Desktop\ERP\odoo17\odoo\http.py", line 1984, in _serve_db
    return service_model.retrying(self._serve_ir_http, self.env)
           ^^^^^^^^^^^^^^^^^^^^^^^^^^^^^^^^^^^^^^^^^^^^^^^^^^^^^
  File "C:\Users\RATSILA\OneDrive\Desktop\ERP\odoo17\odoo\service\model.py", line 153, in retrying
    result = func()
             ^^^^^^
  File "C:\Users\RATSILA\OneDrive\Desktop\ERP\odoo17\odoo\http.py", line 1997, in _serve_ir_http
    ir_http = self.registry['ir.http']
              ~~~~~~~~~~~~~^^^^^^^^^^^
  File "C:\Users\RATSILA\OneDrive\Desktop\ERP\odoo17\odoo\modules\registry.py", line 209, in __getitem__
    return self.models[model_name]
           ~~~~~~~~~~~^^^^^^^^^^^^
KeyError: 'ir.http'

During handling of the above exception, another exception occurred:

Traceback (most recent call last):
  File "C:\Users\RATSILA\OneDrive\Desktop\ERP\odoo17\odoo\http.py", line 2409, in __call__
    response = request._serve_db()
               ^^^^^^^^^^^^^^^^^^^
  File "C:\Users\RATSILA\OneDrive\Desktop\ERP\odoo17\odoo\http.py", line 1989, in _serve_db
    exc.error_response = self.registry['ir.http']._handle_error(exc)
                         ~~~~~~~~~~~~~^^^^^^^^^^^
  File "C:\Users\RATSILA\OneDrive\Desktop\ERP\odoo17\odoo\modules\registry.py", line 209, in __getitem__
    return self.models[model_name]
           ~~~~~~~~~~~^^^^^^^^^^^^
KeyError: 'ir.http'
2026-02-16 06:34:11,076 15420 INFO erp werkzeug: 127.0.0.1 - - [16/Feb/2026 06:34:11] "GET /favicon.ico HTTP/1.1" 500 - 2 0.000 0.054
2026-02-16 06:34:16,902 15420 ERROR erp odoo.sql_db: bad query: 
            SELECT latest_version
            FROM ir_module_module
             WHERE name='base'
        
ERROR: ERREUR:  la relation « ir_module_module » n'existe pas
LINE 3:             FROM ir_module_module
                         ^
 
2026-02-16 06:34:16,902 15420 WARNING erp odoo.addons.base.models.ir_cron: Tried to poll an undefined table on database erp. 
2026-02-16 06:34:32,079 15420 ERROR erp odoo.sql_db: bad query: 
            SELECT latest_version
            FROM ir_module_module
             WHERE name='base'
        
ERROR: ERREUR:  la relation « ir_module_module » n'existe pas
LINE 3:             FROM ir_module_module
                         ^
 
2026-02-16 06:34:32,079 15420 WARNING erp odoo.addons.base.models.ir_cron: Tried to poll an undefined table on database erp. 
2026-02-16 06:35:05,831 15420 ERROR erp odoo.http: Exception during request handling. 
Traceback (most recent call last):
  File "C:\Users\RATSILA\OneDrive\Desktop\ERP\odoo17\odoo\http.py", line 1984, in _serve_db
    return service_model.retrying(self._serve_ir_http, self.env)
           ^^^^^^^^^^^^^^^^^^^^^^^^^^^^^^^^^^^^^^^^^^^^^^^^^^^^^
  File "C:\Users\RATSILA\OneDrive\Desktop\ERP\odoo17\odoo\service\model.py", line 153, in retrying
    result = func()
             ^^^^^^
  File "C:\Users\RATSILA\OneDrive\Desktop\ERP\odoo17\odoo\http.py", line 1997, in _serve_ir_http
    ir_http = self.registry['ir.http']
              ~~~~~~~~~~~~~^^^^^^^^^^^
  File "C:\Users\RATSILA\OneDrive\Desktop\ERP\odoo17\odoo\modules\registry.py", line 209, in __getitem__
    return self.models[model_name]
           ~~~~~~~~~~~^^^^^^^^^^^^
KeyError: 'ir.http'

During handling of the above exception, another exception occurred:

Traceback (most recent call last):
  File "C:\Users\RATSILA\OneDrive\Desktop\ERP\odoo17\odoo\http.py", line 2409, in __call__
    response = request._serve_db()
               ^^^^^^^^^^^^^^^^^^^
  File "C:\Users\RATSILA\OneDrive\Desktop\ERP\odoo17\odoo\http.py", line 1989, in _serve_db
    exc.error_response = self.registry['ir.http']._handle_error(exc)
                         ~~~~~~~~~~~~~^^^^^^^^^^^
  File "C:\Users\RATSILA\OneDrive\Desktop\ERP\odoo17\odoo\modules\registry.py", line 209, in __getitem__
    return self.models[model_name]
           ~~~~~~~~~~~^^^^^^^^^^^^
KeyError: 'ir.http'
2026-02-16 06:35:05,832 15420 INFO erp werkzeug: 127.0.0.1 - - [16/Feb/2026 06:35:05] "POST /web/database/create HTTP/1.1" 500 - 2 0.006 0.043
2026-02-16 06:35:06,244 15420 ERROR erp odoo.http: Exception during request handling. 
Traceback (most recent call last):
  File "C:\Users\RATSILA\OneDrive\Desktop\ERP\odoo17\odoo\http.py", line 1984, in _serve_db
    return service_model.retrying(self._serve_ir_http, self.env)
           ^^^^^^^^^^^^^^^^^^^^^^^^^^^^^^^^^^^^^^^^^^^^^^^^^^^^^
  File "C:\Users\RATSILA\OneDrive\Desktop\ERP\odoo17\odoo\service\model.py", line 153, in retrying
    result = func()
             ^^^^^^
  File "C:\Users\RATSILA\OneDrive\Desktop\ERP\odoo17\odoo\http.py", line 1997, in _serve_ir_http
    ir_http = self.registry['ir.http']
              ~~~~~~~~~~~~~^^^^^^^^^^^
  File "C:\Users\RATSILA\OneDrive\Desktop\ERP\odoo17\odoo\modules\registry.py", line 209, in __getitem__
    return self.models[model_name]
           ~~~~~~~~~~~^^^^^^^^^^^^
KeyError: 'ir.http'

During handling of the above exception, another exception occurred:

Traceback (most recent call last):
  File "C:\Users\RATSILA\OneDrive\Desktop\ERP\odoo17\odoo\http.py", line 2409, in __call__
    response = request._serve_db()
               ^^^^^^^^^^^^^^^^^^^
  File "C:\Users\RATSILA\OneDrive\Desktop\ERP\odoo17\odoo\http.py", line 1989, in _serve_db
    exc.error_response = self.registry['ir.http']._handle_error(exc)
                         ~~~~~~~~~~~~~^^^^^^^^^^^
  File "C:\Users\RATSILA\OneDrive\Desktop\ERP\odoo17\odoo\modules\registry.py", line 209, in __getitem__
    return self.models[model_name]
           ~~~~~~~~~~~^^^^^^^^^^^^
KeyError: 'ir.http'
2026-02-16 06:35:06,244 15420 INFO erp werkzeug: 127.0.0.1 - - [16/Feb/2026 06:35:06] "GET /favicon.ico HTTP/1.1" 500 - 2 0.000 0.164
2026-02-16 06:35:16,906 15420 ERROR erp odoo.sql_db: bad query: 
            SELECT latest_version
            FROM ir_module_module
             WHERE name='base'
        
ERROR: ERREUR:  la relation « ir_module_module » n'existe pas
LINE 3:             FROM ir_module_module
                         ^
 
2026-02-16 06:35:16,906 15420 WARNING erp odoo.addons.base.models.ir_cron: Tried to poll an undefined table on database erp. 
2026-02-16 06:35:33,098 15420 ERROR erp odoo.sql_db: bad query: 
            SELECT latest_version
            FROM ir_module_module
             WHERE name='base'
        
ERROR: ERREUR:  la relation « ir_module_module » n'existe pas
LINE 3:             FROM ir_module_module
                         ^
 
2026-02-16 06:35:33,098 15420 WARNING erp odoo.addons.base.models.ir_cron: Tried to poll an undefined table on database erp. 
2026-02-16 06:35:36,585 15420 INFO ? odoo.service.server: Initiating shutdown 
2026-02-16 06:35:36,585 15420 INFO ? odoo.service.server: Hit CTRL-C again or send a second signal to force the shutdown. 
2026-02-16 06:35:36,981 15420 INFO ? odoo.sql_db: ConnectionPool(used=0/count=0/max=64): Closed 3 connections  
2026-02-16 06:37:36,846 17616 INFO ? odoo: Odoo version 17.0 
2026-02-16 06:37:36,848 17616 INFO ? odoo: Using configuration file at C:\Users\RATSILA\OneDrive\Desktop\ERP\odoo17\odoo.conf 
2026-02-16 06:37:36,848 17616 INFO ? odoo: addons paths: ['C:\\Users\\RATSILA\\OneDrive\\Desktop\\ERP\\odoo17\\odoo\\addons', 'c:\\users\\ratsila\\appdata\\local\\openerp s.a\\odoo\\addons\\17.0', 'c:\\users\\ratsila\\onedrive\\desktop\\erp\\odoo17\\addons', 'c:\\users\\ratsila\\onedrive\\desktop\\erp\\odoo17\\odoo\\addons'] 
2026-02-16 06:37:36,848 17616 INFO ? odoo: database: erp@localhost:5432 
2026-02-16 06:37:37,000 17616 INFO ? odoo.addons.base.models.ir_actions_report: Will use the Wkhtmltopdf binary at C:\Program Files\wkhtmltopdf\bin\wkhtmltopdf.exe 
2026-02-16 06:37:38,627 17616 INFO ? odoo.service.server: HTTP service (werkzeug) running on Kevin:8069 
2026-02-16 06:37:39,054 17616 ERROR ? odoo.modules.loading: Database erp not initialized, you can force it with `-i base` 
2026-02-16 06:37:39,054 17616 INFO ? odoo.modules.registry: Registry loaded in 0.258s 
2026-02-16 06:37:39,054 17616 ERROR erp odoo.http: Exception during request handling. 
Traceback (most recent call last):
  File "C:\Users\RATSILA\OneDrive\Desktop\ERP\odoo17\odoo\http.py", line 1984, in _serve_db
    return service_model.retrying(self._serve_ir_http, self.env)
           ^^^^^^^^^^^^^^^^^^^^^^^^^^^^^^^^^^^^^^^^^^^^^^^^^^^^^
  File "C:\Users\RATSILA\OneDrive\Desktop\ERP\odoo17\odoo\service\model.py", line 153, in retrying
    result = func()
             ^^^^^^
  File "C:\Users\RATSILA\OneDrive\Desktop\ERP\odoo17\odoo\http.py", line 1997, in _serve_ir_http
    ir_http = self.registry['ir.http']
              ~~~~~~~~~~~~~^^^^^^^^^^^
  File "C:\Users\RATSILA\OneDrive\Desktop\ERP\odoo17\odoo\modules\registry.py", line 209, in __getitem__
    return self.models[model_name]
           ~~~~~~~~~~~^^^^^^^^^^^^
KeyError: 'ir.http'

During handling of the above exception, another exception occurred:

Traceback (most recent call last):
  File "C:\Users\RATSILA\OneDrive\Desktop\ERP\odoo17\odoo\http.py", line 2409, in __call__
    response = request._serve_db()
               ^^^^^^^^^^^^^^^^^^^
  File "C:\Users\RATSILA\OneDrive\Desktop\ERP\odoo17\odoo\http.py", line 1989, in _serve_db
    exc.error_response = self.registry['ir.http']._handle_error(exc)
                         ~~~~~~~~~~~~~^^^^^^^^^^^
  File "C:\Users\RATSILA\OneDrive\Desktop\ERP\odoo17\odoo\modules\registry.py", line 209, in __getitem__
    return self.models[model_name]
           ~~~~~~~~~~~^^^^^^^^^^^^
KeyError: 'ir.http'
2026-02-16 06:37:39,054 17616 INFO erp werkzeug: 127.0.0.1 - - [16/Feb/2026 06:37:39] "GET / HTTP/1.1" 500 - 8 0.029 0.302
2026-02-16 06:37:39,255 17616 ERROR erp odoo.http: Exception during request handling. 
Traceback (most recent call last):
  File "C:\Users\RATSILA\OneDrive\Desktop\ERP\odoo17\odoo\http.py", line 1984, in _serve_db
    return service_model.retrying(self._serve_ir_http, self.env)
           ^^^^^^^^^^^^^^^^^^^^^^^^^^^^^^^^^^^^^^^^^^^^^^^^^^^^^
  File "C:\Users\RATSILA\OneDrive\Desktop\ERP\odoo17\odoo\service\model.py", line 153, in retrying
    result = func()
             ^^^^^^
  File "C:\Users\RATSILA\OneDrive\Desktop\ERP\odoo17\odoo\http.py", line 1997, in _serve_ir_http
    ir_http = self.registry['ir.http']
              ~~~~~~~~~~~~~^^^^^^^^^^^
  File "C:\Users\RATSILA\OneDrive\Desktop\ERP\odoo17\odoo\modules\registry.py", line 209, in __getitem__
    return self.models[model_name]
           ~~~~~~~~~~~^^^^^^^^^^^^
KeyError: 'ir.http'

During handling of the above exception, another exception occurred:

Traceback (most recent call last):
  File "C:\Users\RATSILA\OneDrive\Desktop\ERP\odoo17\odoo\http.py", line 2409, in __call__
    response = request._serve_db()
               ^^^^^^^^^^^^^^^^^^^
  File "C:\Users\RATSILA\OneDrive\Desktop\ERP\odoo17\odoo\http.py", line 1989, in _serve_db
    exc.error_response = self.registry['ir.http']._handle_error(exc)
                         ~~~~~~~~~~~~~^^^^^^^^^^^
  File "C:\Users\RATSILA\OneDrive\Desktop\ERP\odoo17\odoo\modules\registry.py", line 209, in __getitem__
    return self.models[model_name]
           ~~~~~~~~~~~^^^^^^^^^^^^
KeyError: 'ir.http'
2026-02-16 06:37:39,257 17616 INFO erp werkzeug: 127.0.0.1 - - [16/Feb/2026 06:37:39] "GET /favicon.ico HTTP/1.1" 500 - 2 0.010 0.141
2026-02-16 06:38:18,733 17616 ERROR erp odoo.http: Exception during request handling. 
Traceback (most recent call last):
  File "C:\Users\RATSILA\OneDrive\Desktop\ERP\odoo17\odoo\http.py", line 1984, in _serve_db
    return service_model.retrying(self._serve_ir_http, self.env)
           ^^^^^^^^^^^^^^^^^^^^^^^^^^^^^^^^^^^^^^^^^^^^^^^^^^^^^
  File "C:\Users\RATSILA\OneDrive\Desktop\ERP\odoo17\odoo\service\model.py", line 153, in retrying
    result = func()
             ^^^^^^
  File "C:\Users\RATSILA\OneDrive\Desktop\ERP\odoo17\odoo\http.py", line 1997, in _serve_ir_http
    ir_http = self.registry['ir.http']
              ~~~~~~~~~~~~~^^^^^^^^^^^
  File "C:\Users\RATSILA\OneDrive\Desktop\ERP\odoo17\odoo\modules\registry.py", line 209, in __getitem__
    return self.models[model_name]
           ~~~~~~~~~~~^^^^^^^^^^^^
KeyError: 'ir.http'

During handling of the above exception, another exception occurred:

Traceback (most recent call last):
  File "C:\Users\RATSILA\OneDrive\Desktop\ERP\odoo17\odoo\http.py", line 2409, in __call__
    response = request._serve_db()
               ^^^^^^^^^^^^^^^^^^^
  File "C:\Users\RATSILA\OneDrive\Desktop\ERP\odoo17\odoo\http.py", line 1989, in _serve_db
    exc.error_response = self.registry['ir.http']._handle_error(exc)
                         ~~~~~~~~~~~~~^^^^^^^^^^^
  File "C:\Users\RATSILA\OneDrive\Desktop\ERP\odoo17\odoo\modules\registry.py", line 209, in __getitem__
    return self.models[model_name]
           ~~~~~~~~~~~^^^^^^^^^^^^
KeyError: 'ir.http'
2026-02-16 06:38:18,733 17616 INFO erp werkzeug: 127.0.0.1 - - [16/Feb/2026 06:38:18] "GET / HTTP/1.1" 500 - 2 0.005 0.042
2026-02-16 06:38:19,040 17616 ERROR erp odoo.http: Exception during request handling. 
Traceback (most recent call last):
  File "C:\Users\RATSILA\OneDrive\Desktop\ERP\odoo17\odoo\http.py", line 1984, in _serve_db
    return service_model.retrying(self._serve_ir_http, self.env)
           ^^^^^^^^^^^^^^^^^^^^^^^^^^^^^^^^^^^^^^^^^^^^^^^^^^^^^
  File "C:\Users\RATSILA\OneDrive\Desktop\ERP\odoo17\odoo\service\model.py", line 153, in retrying
    result = func()
             ^^^^^^
  File "C:\Users\RATSILA\OneDrive\Desktop\ERP\odoo17\odoo\http.py", line 1997, in _serve_ir_http
    ir_http = self.registry['ir.http']
              ~~~~~~~~~~~~~^^^^^^^^^^^
  File "C:\Users\RATSILA\OneDrive\Desktop\ERP\odoo17\odoo\modules\registry.py", line 209, in __getitem__
    return self.models[model_name]
           ~~~~~~~~~~~^^^^^^^^^^^^
KeyError: 'ir.http'

During handling of the above exception, another exception occurred:

Traceback (most recent call last):
  File "C:\Users\RATSILA\OneDrive\Desktop\ERP\odoo17\odoo\http.py", line 2409, in __call__
    response = request._serve_db()
               ^^^^^^^^^^^^^^^^^^^
  File "C:\Users\RATSILA\OneDrive\Desktop\ERP\odoo17\odoo\http.py", line 1989, in _serve_db
    exc.error_response = self.registry['ir.http']._handle_error(exc)
                         ~~~~~~~~~~~~~^^^^^^^^^^^
  File "C:\Users\RATSILA\OneDrive\Desktop\ERP\odoo17\odoo\modules\registry.py", line 209, in __getitem__
    return self.models[model_name]
           ~~~~~~~~~~~^^^^^^^^^^^^
KeyError: 'ir.http'
2026-02-16 06:38:19,040 17616 INFO erp werkzeug: 127.0.0.1 - - [16/Feb/2026 06:38:19] "GET /favicon.ico HTTP/1.1" 500 - 2 0.000 0.045
2026-02-16 06:38:23,442 17616 ERROR erp odoo.http: Exception during request handling. 
Traceback (most recent call last):
  File "C:\Users\RATSILA\OneDrive\Desktop\ERP\odoo17\odoo\http.py", line 1984, in _serve_db
    return service_model.retrying(self._serve_ir_http, self.env)
           ^^^^^^^^^^^^^^^^^^^^^^^^^^^^^^^^^^^^^^^^^^^^^^^^^^^^^
  File "C:\Users\RATSILA\OneDrive\Desktop\ERP\odoo17\odoo\service\model.py", line 153, in retrying
    result = func()
             ^^^^^^
  File "C:\Users\RATSILA\OneDrive\Desktop\ERP\odoo17\odoo\http.py", line 1997, in _serve_ir_http
    ir_http = self.registry['ir.http']
              ~~~~~~~~~~~~~^^^^^^^^^^^
  File "C:\Users\RATSILA\OneDrive\Desktop\ERP\odoo17\odoo\modules\registry.py", line 209, in __getitem__
    return self.models[model_name]
           ~~~~~~~~~~~^^^^^^^^^^^^
KeyError: 'ir.http'

During handling of the above exception, another exception occurred:

Traceback (most recent call last):
  File "C:\Users\RATSILA\OneDrive\Desktop\ERP\odoo17\odoo\http.py", line 2409, in __call__
    response = request._serve_db()
               ^^^^^^^^^^^^^^^^^^^
  File "C:\Users\RATSILA\OneDrive\Desktop\ERP\odoo17\odoo\http.py", line 1989, in _serve_db
    exc.error_response = self.registry['ir.http']._handle_error(exc)
                         ~~~~~~~~~~~~~^^^^^^^^^^^
  File "C:\Users\RATSILA\OneDrive\Desktop\ERP\odoo17\odoo\modules\registry.py", line 209, in __getitem__
    return self.models[model_name]
           ~~~~~~~~~~~^^^^^^^^^^^^
KeyError: 'ir.http'
2026-02-16 06:38:23,442 17616 INFO erp werkzeug: 127.0.0.1 - - [16/Feb/2026 06:38:23] "GET / HTTP/1.1" 500 - 2 0.000 0.049
2026-02-16 06:38:23,520 17616 ERROR erp odoo.http: Exception during request handling. 
Traceback (most recent call last):
  File "C:\Users\RATSILA\OneDrive\Desktop\ERP\odoo17\odoo\http.py", line 1984, in _serve_db
    return service_model.retrying(self._serve_ir_http, self.env)
           ^^^^^^^^^^^^^^^^^^^^^^^^^^^^^^^^^^^^^^^^^^^^^^^^^^^^^
  File "C:\Users\RATSILA\OneDrive\Desktop\ERP\odoo17\odoo\service\model.py", line 153, in retrying
    result = func()
             ^^^^^^
  File "C:\Users\RATSILA\OneDrive\Desktop\ERP\odoo17\odoo\http.py", line 1997, in _serve_ir_http
    ir_http = self.registry['ir.http']
              ~~~~~~~~~~~~~^^^^^^^^^^^
  File "C:\Users\RATSILA\OneDrive\Desktop\ERP\odoo17\odoo\modules\registry.py", line 209, in __getitem__
    return self.models[model_name]
           ~~~~~~~~~~~^^^^^^^^^^^^
KeyError: 'ir.http'

During handling of the above exception, another exception occurred:

Traceback (most recent call last):
  File "C:\Users\RATSILA\OneDrive\Desktop\ERP\odoo17\odoo\http.py", line 2409, in __call__
    response = request._serve_db()
               ^^^^^^^^^^^^^^^^^^^
  File "C:\Users\RATSILA\OneDrive\Desktop\ERP\odoo17\odoo\http.py", line 1989, in _serve_db
    exc.error_response = self.registry['ir.http']._handle_error(exc)
                         ~~~~~~~~~~~~~^^^^^^^^^^^
  File "C:\Users\RATSILA\OneDrive\Desktop\ERP\odoo17\odoo\modules\registry.py", line 209, in __getitem__
    return self.models[model_name]
           ~~~~~~~~~~~^^^^^^^^^^^^
KeyError: 'ir.http'
2026-02-16 06:38:23,520 17616 INFO erp werkzeug: 127.0.0.1 - - [16/Feb/2026 06:38:23] "GET /favicon.ico HTTP/1.1" 500 - 2 0.000 0.044
2026-02-16 06:38:25,615 17616 ERROR erp odoo.http: Exception during request handling. 
Traceback (most recent call last):
  File "C:\Users\RATSILA\OneDrive\Desktop\ERP\odoo17\odoo\http.py", line 1984, in _serve_db
    return service_model.retrying(self._serve_ir_http, self.env)
           ^^^^^^^^^^^^^^^^^^^^^^^^^^^^^^^^^^^^^^^^^^^^^^^^^^^^^
  File "C:\Users\RATSILA\OneDrive\Desktop\ERP\odoo17\odoo\service\model.py", line 153, in retrying
    result = func()
             ^^^^^^
  File "C:\Users\RATSILA\OneDrive\Desktop\ERP\odoo17\odoo\http.py", line 1997, in _serve_ir_http
    ir_http = self.registry['ir.http']
              ~~~~~~~~~~~~~^^^^^^^^^^^
  File "C:\Users\RATSILA\OneDrive\Desktop\ERP\odoo17\odoo\modules\registry.py", line 209, in __getitem__
    return self.models[model_name]
           ~~~~~~~~~~~^^^^^^^^^^^^
KeyError: 'ir.http'

During handling of the above exception, another exception occurred:

Traceback (most recent call last):
  File "C:\Users\RATSILA\OneDrive\Desktop\ERP\odoo17\odoo\http.py", line 2409, in __call__
    response = request._serve_db()
               ^^^^^^^^^^^^^^^^^^^
  File "C:\Users\RATSILA\OneDrive\Desktop\ERP\odoo17\odoo\http.py", line 1989, in _serve_db
    exc.error_response = self.registry['ir.http']._handle_error(exc)
                         ~~~~~~~~~~~~~^^^^^^^^^^^
  File "C:\Users\RATSILA\OneDrive\Desktop\ERP\odoo17\odoo\modules\registry.py", line 209, in __getitem__
    return self.models[model_name]
           ~~~~~~~~~~~^^^^^^^^^^^^
KeyError: 'ir.http'
2026-02-16 06:38:25,615 17616 INFO erp werkzeug: 127.0.0.1 - - [16/Feb/2026 06:38:25] "GET /favicon.ico HTTP/1.1" 500 - 2 0.000 0.036
2026-02-16 06:38:30,154 17616 ERROR erp odoo.http: Exception during request handling. 
Traceback (most recent call last):
  File "C:\Users\RATSILA\OneDrive\Desktop\ERP\odoo17\odoo\http.py", line 1984, in _serve_db
    return service_model.retrying(self._serve_ir_http, self.env)
           ^^^^^^^^^^^^^^^^^^^^^^^^^^^^^^^^^^^^^^^^^^^^^^^^^^^^^
  File "C:\Users\RATSILA\OneDrive\Desktop\ERP\odoo17\odoo\service\model.py", line 153, in retrying
    result = func()
             ^^^^^^
  File "C:\Users\RATSILA\OneDrive\Desktop\ERP\odoo17\odoo\http.py", line 1997, in _serve_ir_http
    ir_http = self.registry['ir.http']
              ~~~~~~~~~~~~~^^^^^^^^^^^
  File "C:\Users\RATSILA\OneDrive\Desktop\ERP\odoo17\odoo\modules\registry.py", line 209, in __getitem__
    return self.models[model_name]
           ~~~~~~~~~~~^^^^^^^^^^^^
KeyError: 'ir.http'

During handling of the above exception, another exception occurred:

Traceback (most recent call last):
  File "C:\Users\RATSILA\OneDrive\Desktop\ERP\odoo17\odoo\http.py", line 2409, in __call__
    response = request._serve_db()
               ^^^^^^^^^^^^^^^^^^^
  File "C:\Users\RATSILA\OneDrive\Desktop\ERP\odoo17\odoo\http.py", line 1989, in _serve_db
    exc.error_response = self.registry['ir.http']._handle_error(exc)
                         ~~~~~~~~~~~~~^^^^^^^^^^^
  File "C:\Users\RATSILA\OneDrive\Desktop\ERP\odoo17\odoo\modules\registry.py", line 209, in __getitem__
    return self.models[model_name]
           ~~~~~~~~~~~^^^^^^^^^^^^
KeyError: 'ir.http'
2026-02-16 06:38:30,156 17616 INFO erp werkzeug: 127.0.0.1 - - [16/Feb/2026 06:38:30] "GET / HTTP/1.1" 500 - 2 0.007 0.042
2026-02-16 06:38:30,452 17616 ERROR erp odoo.http: Exception during request handling. 
Traceback (most recent call last):
  File "C:\Users\RATSILA\OneDrive\Desktop\ERP\odoo17\odoo\http.py", line 1984, in _serve_db
    return service_model.retrying(self._serve_ir_http, self.env)
           ^^^^^^^^^^^^^^^^^^^^^^^^^^^^^^^^^^^^^^^^^^^^^^^^^^^^^
  File "C:\Users\RATSILA\OneDrive\Desktop\ERP\odoo17\odoo\service\model.py", line 153, in retrying
    result = func()
             ^^^^^^
  File "C:\Users\RATSILA\OneDrive\Desktop\ERP\odoo17\odoo\http.py", line 1997, in _serve_ir_http
    ir_http = self.registry['ir.http']
              ~~~~~~~~~~~~~^^^^^^^^^^^
  File "C:\Users\RATSILA\OneDrive\Desktop\ERP\odoo17\odoo\modules\registry.py", line 209, in __getitem__
    return self.models[model_name]
           ~~~~~~~~~~~^^^^^^^^^^^^
KeyError: 'ir.http'

During handling of the above exception, another exception occurred:

Traceback (most recent call last):
  File "C:\Users\RATSILA\OneDrive\Desktop\ERP\odoo17\odoo\http.py", line 2409, in __call__
    response = request._serve_db()
               ^^^^^^^^^^^^^^^^^^^
  File "C:\Users\RATSILA\OneDrive\Desktop\ERP\odoo17\odoo\http.py", line 1989, in _serve_db
    exc.error_response = self.registry['ir.http']._handle_error(exc)
                         ~~~~~~~~~~~~~^^^^^^^^^^^
  File "C:\Users\RATSILA\OneDrive\Desktop\ERP\odoo17\odoo\modules\registry.py", line 209, in __getitem__
    return self.models[model_name]
           ~~~~~~~~~~~^^^^^^^^^^^^
KeyError: 'ir.http'
2026-02-16 06:38:30,452 17616 INFO erp werkzeug: 127.0.0.1 - - [16/Feb/2026 06:38:30] "GET /favicon.ico HTTP/1.1" 500 - 2 0.000 0.044
2026-02-16 06:38:37,369 17616 ERROR erp odoo.sql_db: bad query: 
            SELECT latest_version
            FROM ir_module_module
             WHERE name='base'
        
ERROR: ERREUR:  la relation « ir_module_module » n'existe pas
LINE 3:             FROM ir_module_module
                         ^
 
2026-02-16 06:38:37,372 17616 WARNING erp odoo.addons.base.models.ir_cron: Tried to poll an undefined table on database erp. 
2026-02-16 06:38:38,418 17616 ERROR erp odoo.sql_db: bad query: 
            SELECT latest_version
            FROM ir_module_module
             WHERE name='base'
        
ERROR: ERREUR:  la relation « ir_module_module » n'existe pas
LINE 3:             FROM ir_module_module
                         ^
 
2026-02-16 06:38:38,418 17616 WARNING erp odoo.addons.base.models.ir_cron: Tried to poll an undefined table on database erp. 
2026-02-16 06:39:37,383 17616 ERROR erp odoo.sql_db: bad query: 
            SELECT latest_version
            FROM ir_module_module
             WHERE name='base'
        
ERROR: ERREUR:  la relation « ir_module_module » n'existe pas
LINE 3:             FROM ir_module_module
                         ^
 
2026-02-16 06:39:37,383 17616 WARNING erp odoo.addons.base.models.ir_cron: Tried to poll an undefined table on database erp. 
2026-02-16 06:39:39,437 17616 ERROR erp odoo.sql_db: bad query: 
            SELECT latest_version
            FROM ir_module_module
             WHERE name='base'
        
ERROR: ERREUR:  la relation « ir_module_module » n'existe pas
LINE 3:             FROM ir_module_module
                         ^
 
2026-02-16 06:39:39,437 17616 WARNING erp odoo.addons.base.models.ir_cron: Tried to poll an undefined table on database erp. 
2026-02-16 06:39:46,180 17616 INFO ? odoo.service.server: Initiating shutdown 
2026-02-16 06:39:46,180 17616 INFO ? odoo.service.server: Hit CTRL-C again or send a second signal to force the shutdown. 
2026-02-16 06:39:46,499 17616 INFO ? odoo.sql_db: ConnectionPool(used=0/count=0/max=64): Closed 3 connections  
2026-02-16 06:50:00,574 18076 INFO ? odoo: Odoo version 17.0 
2026-02-16 06:50:00,574 18076 INFO ? odoo: Using configuration file at C:\Users\RATSILA\OneDrive\Desktop\ERP\odoo17\odoo.conf 
2026-02-16 06:50:00,574 18076 INFO ? odoo: addons paths: ['C:\\Users\\RATSILA\\OneDrive\\Desktop\\ERP\\odoo17\\odoo\\addons', 'c:\\users\\ratsila\\appdata\\local\\openerp s.a\\odoo\\addons\\17.0', 'c:\\users\\ratsila\\onedrive\\desktop\\erp\\odoo17\\addons', 'c:\\users\\ratsila\\onedrive\\desktop\\erp\\odoo17\\odoo\\addons'] 
2026-02-16 06:50:00,574 18076 INFO ? odoo: database: erp@localhost:5432 
2026-02-16 06:50:00,748 18076 INFO ? odoo.addons.base.models.ir_actions_report: Will use the Wkhtmltopdf binary at C:\Program Files\wkhtmltopdf\bin\wkhtmltopdf.exe 
2026-02-16 06:50:02,409 18076 INFO ? odoo.service.server: HTTP service (werkzeug) running on Kevin:8069 
2026-02-16 06:51:03,095 18076 ERROR ? odoo.modules.loading: Database erp not initialized, you can force it with `-i base` 
2026-02-16 06:51:03,095 18076 INFO ? odoo.modules.registry: Registry loaded in 0.049s 
2026-02-16 06:51:03,102 18076 ERROR erp odoo.http: Exception during request handling. 
Traceback (most recent call last):
  File "C:\Users\RATSILA\OneDrive\Desktop\ERP\odoo17\odoo\http.py", line 1984, in _serve_db
    return service_model.retrying(self._serve_ir_http, self.env)
           ^^^^^^^^^^^^^^^^^^^^^^^^^^^^^^^^^^^^^^^^^^^^^^^^^^^^^
  File "C:\Users\RATSILA\OneDrive\Desktop\ERP\odoo17\odoo\service\model.py", line 153, in retrying
    result = func()
             ^^^^^^
  File "C:\Users\RATSILA\OneDrive\Desktop\ERP\odoo17\odoo\http.py", line 1997, in _serve_ir_http
    ir_http = self.registry['ir.http']
              ~~~~~~~~~~~~~^^^^^^^^^^^
  File "C:\Users\RATSILA\OneDrive\Desktop\ERP\odoo17\odoo\modules\registry.py", line 209, in __getitem__
    return self.models[model_name]
           ~~~~~~~~~~~^^^^^^^^^^^^
KeyError: 'ir.http'

During handling of the above exception, another exception occurred:

Traceback (most recent call last):
  File "C:\Users\RATSILA\OneDrive\Desktop\ERP\odoo17\odoo\http.py", line 2409, in __call__
    response = request._serve_db()
               ^^^^^^^^^^^^^^^^^^^
  File "C:\Users\RATSILA\OneDrive\Desktop\ERP\odoo17\odoo\http.py", line 1989, in _serve_db
    exc.error_response = self.registry['ir.http']._handle_error(exc)
                         ~~~~~~~~~~~~~^^^^^^^^^^^
  File "C:\Users\RATSILA\OneDrive\Desktop\ERP\odoo17\odoo\modules\registry.py", line 209, in __getitem__
    return self.models[model_name]
           ~~~~~~~~~~~^^^^^^^^^^^^
KeyError: 'ir.http'
2026-02-16 06:51:03,105 18076 INFO erp werkzeug: 172.24.32.1 - - [16/Feb/2026 06:51:03] "GET / HTTP/1.1" 500 - 8 0.022 0.210
2026-02-16 06:51:03,235 18076 ERROR erp odoo.http: Exception during request handling. 
Traceback (most recent call last):
  File "C:\Users\RATSILA\OneDrive\Desktop\ERP\odoo17\odoo\http.py", line 1984, in _serve_db
    return service_model.retrying(self._serve_ir_http, self.env)
           ^^^^^^^^^^^^^^^^^^^^^^^^^^^^^^^^^^^^^^^^^^^^^^^^^^^^^
  File "C:\Users\RATSILA\OneDrive\Desktop\ERP\odoo17\odoo\service\model.py", line 153, in retrying
    result = func()
             ^^^^^^
  File "C:\Users\RATSILA\OneDrive\Desktop\ERP\odoo17\odoo\http.py", line 1997, in _serve_ir_http
    ir_http = self.registry['ir.http']
              ~~~~~~~~~~~~~^^^^^^^^^^^
  File "C:\Users\RATSILA\OneDrive\Desktop\ERP\odoo17\odoo\modules\registry.py", line 209, in __getitem__
    return self.models[model_name]
           ~~~~~~~~~~~^^^^^^^^^^^^
KeyError: 'ir.http'

During handling of the above exception, another exception occurred:

Traceback (most recent call last):
  File "C:\Users\RATSILA\OneDrive\Desktop\ERP\odoo17\odoo\http.py", line 2409, in __call__
    response = request._serve_db()
               ^^^^^^^^^^^^^^^^^^^
  File "C:\Users\RATSILA\OneDrive\Desktop\ERP\odoo17\odoo\http.py", line 1989, in _serve_db
    exc.error_response = self.registry['ir.http']._handle_error(exc)
                         ~~~~~~~~~~~~~^^^^^^^^^^^
  File "C:\Users\RATSILA\OneDrive\Desktop\ERP\odoo17\odoo\modules\registry.py", line 209, in __getitem__
    return self.models[model_name]
           ~~~~~~~~~~~^^^^^^^^^^^^
KeyError: 'ir.http'
2026-02-16 06:51:03,235 18076 INFO erp werkzeug: 172.24.32.1 - - [16/Feb/2026 06:51:03] "GET /favicon.ico HTTP/1.1" 500 - 2 0.004 0.060
2026-02-16 06:52:01,258 18076 ERROR erp odoo.sql_db: bad query: 
            SELECT latest_version
            FROM ir_module_module
             WHERE name='base'
        
ERROR: ERREUR:  la relation « ir_module_module » n'existe pas
LINE 3:             FROM ir_module_module
                         ^
 
2026-02-16 06:52:01,258 18076 WARNING erp odoo.addons.base.models.ir_cron: Tried to poll an undefined table on database erp. 
2026-02-16 06:52:03,401 18076 ERROR erp odoo.sql_db: bad query: 
            SELECT latest_version
            FROM ir_module_module
             WHERE name='base'
        
ERROR: ERREUR:  la relation « ir_module_module » n'existe pas
LINE 3:             FROM ir_module_module
                         ^
 
2026-02-16 06:52:03,401 18076 WARNING erp odoo.addons.base.models.ir_cron: Tried to poll an undefined table on database erp. 
2026-02-16 06:52:36,495 18076 INFO ? odoo.service.server: Initiating shutdown 
2026-02-16 06:52:36,495 18076 INFO ? odoo.service.server: Hit CTRL-C again or send a second signal to force the shutdown. 
2026-02-16 06:52:36,783 18076 INFO ? odoo.sql_db: ConnectionPool(used=0/count=0/max=64): Closed 3 connections  
